                                     G D M A

                                 by Anthony Stone

                         version 2.2.11, 04 February 2015

               Distributed Multipoles from Gaussian wavefunctions


Starting at 11:25:35 on 13 Nov 2015 

benzene mp2 aug-cc-pvtz

WARNING: string truncated


Using SCF density matrix from file benzene_mp2_augccpvtz.fchk


                         Distributed Multipole Analysis

Standard DMA for products of primitives with exponent greater than 4.00000
Using 80-point Euler-MacLaurin radial quadrature
Using 590-point Lebedev quadrature
Becke smoothing parameter = 3

Positions and radii in bohr
Multipole moments in atomic units, ea_0^k for rank k

C          x =  2.282029  y =  1.317373  z = -0.000000 bohr
           Maximum rank =  6   Radius =  1.228 bohr
                   Q00  =  -0.079966
|Q1| =   0.119873  Q11c =  -0.103693  Q11s =  -0.060144
|Q2| =   1.254933  Q20  =  -1.251996  Q22c =   0.042799  Q22s =   0.074376
|Q3| =   1.784016  Q31c =  -0.214562  Q31s =  -0.122146  Q33c =  -0.000940
                   Q33s =   1.766849
|Q4| =   2.404136  Q40  =  -1.746414  Q42c =  -0.251574  Q42s =  -0.433006
                   Q44c =  -0.789463  Q44s =   1.362304
|Q5| =   6.943861  Q51c =  -1.269726  Q51s =  -0.724154  Q53c =  -0.005657
                   Q53s =   6.757871  Q55c =  -0.557411  Q55s =   0.317884
|Q6| =  20.179786  Q60  =  -0.180637  Q62c =  -3.979483  Q62s =  -6.876118
                   Q64c =  -7.483938  Q64s =  12.928672  Q66c =  10.996086
                   Q66s =   0.006950

C          x = -0.000841  y =  2.634039  z =  0.000000 bohr
           Maximum rank =  6   Radius =  1.228 bohr
                   Q00  =  -0.080000
|Q1| =   0.119836  Q11c =   0.000099  Q11s =  -0.119836
|Q2| =   1.255095  Q20  =  -1.252207  Q22c =  -0.085083  Q22s =   0.001596
|Q3| =   1.783705  Q31c =   0.000843  Q31s =  -0.247335  Q33c =  -0.002641
                   Q33s =  -1.766472
|Q4| =   2.404978  Q40  =  -1.746452  Q42c =   0.502686  Q42s =   0.002967
                   Q44c =   1.575152  Q44s =  -0.004417
|Q5| =   6.943225  Q51c =   0.002948  Q51s =  -1.465677  Q53c =  -0.009360
                   Q53s =  -6.755753  Q55c =  -0.007467  Q55s =   0.647935
|Q6| =  20.178428  Q60  =  -0.176961  Q62c =   7.961237  Q62s =   0.012437
                   Q64c =  14.939482  Q64s =  -0.030432  Q66c =  10.980199
                   Q66s =  -0.048624

C          x = -2.282260  y =  1.317461  z =  0.000000 bohr
           Maximum rank =  6   Radius =  1.228 bohr
                   Q00  =  -0.079883
|Q1| =   0.119877  Q11c =   0.103843  Q11s =  -0.059892
|Q2| =   1.254923  Q20  =  -1.251980  Q22c =   0.043311  Q22s =  -0.074178
|Q3| =   1.783821  Q31c =   0.212831  Q31s =  -0.124776  Q33c =  -0.000363
                   Q33s =   1.766678
|Q4| =   2.403287  Q40  =  -1.746114  Q42c =  -0.247461  Q42s =   0.434857
                   Q44c =  -0.786291  Q44s =  -1.363189
|Q5| =   6.941809  Q51c =   1.259893  Q51s =  -0.737705  Q53c =  -0.001869
                   Q53s =   6.756377  Q55c =   0.554447  Q55s =   0.318012
|Q6| =  20.172096  Q60  =  -0.180112  Q62c =  -3.937361  Q62s =   6.891846
                   Q64c =  -7.469644  Q64s = -12.925296  Q66c =  11.000990
                   Q66s =   0.005908

C          x = -2.281799  y = -1.317680  z =  0.000000 bohr
           Maximum rank =  6   Radius =  1.228 bohr
                   Q00  =  -0.079951
|Q1| =   0.119854  Q11c =   0.103803  Q11s =   0.059916
|Q2| =   1.254932  Q20  =  -1.251997  Q22c =   0.042630  Q22s =   0.074438
|Q3| =   1.783974  Q31c =   0.212645  Q31s =   0.125428  Q33c =   0.002543
                   Q33s =  -1.766807
|Q4| =   2.404047  Q40  =  -1.746353  Q42c =  -0.247456  Q42s =  -0.435402
                   Q44c =  -0.790266  Q44s =   1.361751
|Q5| =   6.943645  Q51c =   1.258804  Q51s =   0.742910  Q53c =   0.007781
                   Q53s =  -6.757640  Q55c =   0.555686  Q55s =  -0.321179
|Q6| =  20.178491  Q60  =  -0.179770  Q62c =  -3.928605  Q62s =  -6.905178
                   Q64c =  -7.507944  Q64s =  12.913545  Q66c =  10.995160
                   Q66s =   0.036807

C          x =  0.000000  y = -2.634006  z = -0.000000 bohr
           Maximum rank =  6   Radius =  1.228 bohr
                   Q00  =  -0.080095
|Q1| =   0.119831  Q11c =  -0.000059  Q11s =   0.119831
|Q2| =   1.255074  Q20  =  -1.252178  Q22c =  -0.085211  Q22s =  -0.000637
|Q3| =   1.784062  Q31c =   0.001416  Q31s =   0.247416  Q33c =  -0.001292
                   Q33s =   1.766822
|Q4| =   2.405817  Q40  =  -1.746900  Q42c =   0.502588  Q42s =  -0.002768
                   Q44c =   1.575972  Q44s =   0.002251
|Q5| =   6.946134  Q51c =   0.006893  Q51s =   1.466692  Q53c =  -0.005868
                   Q53s =   6.758411  Q55c =  -0.001868  Q55s =  -0.649154
|Q6| =  20.187209  Q60  =  -0.179748  Q62c =   7.963169  Q62s =  -0.024437
                   Q64c =  14.951430  Q64s =   0.011976  Q66c =  10.978736
                   Q66s =   0.019701

C          x =  2.282569  y = -1.316712  z = -0.000000 bohr
           Maximum rank =  6   Radius =  1.228 bohr
                   Q00  =  -0.079973
|Q1| =   0.119851  Q11c =  -0.103840  Q11s =   0.059847
|Q2| =   1.254886  Q20  =  -1.251936  Q22c =   0.041521  Q22s =  -0.075310
|Q3| =   1.784134  Q31c =  -0.214055  Q31s =   0.122759  Q33c =  -0.003368
                   Q33s =  -1.766985
|Q4| =   2.404098  Q40  =  -1.746490  Q42c =  -0.252309  Q42s =   0.431979
                   Q44c =  -0.792191  Q44s =  -1.360746
|Q5| =   6.944636  Q51c =  -1.265935  Q51s =   0.728944  Q53c =  -0.012766
                   Q53s =  -6.758924  Q55c =  -0.551582  Q55s =  -0.326443
|Q6| =  20.179960  Q60  =  -0.182109  Q62c =  -3.970535  Q62s =   6.874710
                   Q64c =  -7.509554  Q64s = -12.916045  Q66c =  10.997717
                   Q66s =  -0.058573

H          x =  0.001245  y =  4.679125  z =  0.000000 bohr
           Maximum rank =  6   Radius =  0.614 bohr
                   Q00  =   0.079940
|Q1| =   0.126642  Q11c =   0.000093  Q11s =  -0.126642
|Q2| =   0.197789  Q20  =  -0.162294  Q22c =  -0.113053  Q22s =   0.000316
|Q3| =   0.262721  Q31c =  -0.000030  Q31s =  -0.208099  Q33c =  -0.000271
                   Q33s =  -0.160367
|Q4| =   0.183792  Q40  =  -0.152341  Q42c =  -0.060603  Q42s =   0.000425
                   Q44c =   0.083059  Q44s =   0.000141
|Q5| =   1.361527  Q51c =  -0.000637  Q51s =  -1.093372  Q53c =  -0.001695
                   Q53s =  -0.774779  Q55c =  -0.001321  Q55s =  -0.240845
|Q6| =   3.386902  Q60  =   1.227514  Q62c =   1.974640  Q62s =  -0.001066
                   Q64c =   2.281728  Q64s =  -0.003276  Q66c =   0.926718
                   Q66s =  -0.003229

H          x = -4.053360  y =  2.339871  z =  0.000000 bohr
           Maximum rank =  6   Radius =  0.614 bohr
                   Q00  =   0.080017
|Q1| =   0.126569  Q11c =   0.109612  Q11s =  -0.063284
|Q2| =   0.197797  Q20  =  -0.162250  Q22c =   0.056590  Q22s =  -0.097958
|Q3| =   0.262607  Q31c =   0.180053  Q31s =  -0.104056  Q33c =  -0.000020
                   Q33s =   0.160361
|Q4| =   0.183761  Q40  =  -0.152340  Q42c =   0.030658  Q42s =  -0.052539
                   Q44c =  -0.041458  Q44s =  -0.071706
|Q5| =   1.361055  Q51c =   0.946107  Q51s =  -0.546464  Q53c =  -0.000449
                   Q53s =   0.774820  Q55c =  -0.209157  Q55s =  -0.120976
|Q6| =   3.383639  Q60  =   1.225166  Q62c =  -0.983984  Q62s =   1.708404
                   Q64c =  -1.140303  Q64s =  -1.974584  Q66c =   0.928354
                   Q66s =   0.000351

H          x = -4.052062  y = -2.341574  z =  0.000000 bohr
           Maximum rank =  6   Radius =  0.614 bohr
                   Q00  =   0.079989
|Q1| =   0.126590  Q11c =   0.109640  Q11s =   0.063278
|Q2| =   0.197801  Q20  =  -0.162263  Q22c =   0.056383  Q22s =   0.098065
|Q3| =   0.262655  Q31c =   0.180034  Q31s =   0.104191  Q33c =   0.000271
                   Q33s =  -0.160373
|Q4| =   0.183762  Q40  =  -0.152332  Q42c =   0.030524  Q42s =   0.052566
                   Q44c =  -0.041515  Q44s =   0.071729
|Q5| =   1.361386  Q51c =   0.946022  Q51s =   0.547312  Q53c =   0.001018
                   Q53s =  -0.774984  Q55c =  -0.209480  Q55s =   0.119923
|Q6| =   3.384917  Q60  =   1.226304  Q62c =  -0.981876  Q62s =  -1.710900
                   Q64c =  -1.144849  Q64s =   1.972726  Q66c =   0.927494
                   Q66s =   0.002991

H          x =  0.000735  y = -4.679122  z = -0.000000 bohr
           Maximum rank =  6   Radius =  0.614 bohr
                   Q00  =   0.079928
|Q1| =   0.126645  Q11c =  -0.000004  Q11s =   0.126645
|Q2| =   0.197803  Q20  =  -0.162301  Q22c =  -0.113068  Q22s =  -0.000105
|Q3| =   0.262760  Q31c =   0.000037  Q31s =   0.208131  Q33c =  -0.000128
                   Q33s =   0.160388
|Q4| =   0.183787  Q40  =  -0.152336  Q42c =  -0.060626  Q42s =  -0.000298
                   Q44c =   0.083041  Q44s =  -0.000015
|Q5| =   1.361938  Q51c =  -0.000083  Q51s =   1.093683  Q53c =  -0.000950
                   Q53s =   0.775095  Q55c =  -0.000550  Q55s =   0.240750
|Q6| =   3.387744  Q60  =   1.228558  Q62c =   1.975246  Q62s =  -0.000926
                   Q64c =   2.282257  Q64s =   0.001598  Q66c =   0.925827
                   Q66s =   0.001551

H          x =  4.052352  y = -2.341438  z = -0.000000 bohr
           Maximum rank =  6   Radius =  0.614 bohr
                   Q00  =   0.079992
|Q1| =   0.126583  Q11c =  -0.109664  Q11s =   0.063223
|Q2| =   0.197806  Q20  =  -0.162257  Q22c =   0.056251  Q22s =  -0.098162
|Q3| =   0.262652  Q31c =  -0.180095  Q31s =   0.104063  Q33c =  -0.000359
                   Q33s =  -0.160383
|Q4| =   0.183756  Q40  =  -0.152325  Q42c =   0.030052  Q42s =  -0.052895
                   Q44c =  -0.041336  Q44s =  -0.071788
|Q5| =   1.361456  Q51c =  -0.946057  Q51s =   0.547186  Q53c =  -0.002085
                   Q53s =  -0.775127  Q55c =   0.209895  Q55s =   0.119346
|Q6| =   3.384638  Q60  =   1.226304  Q62c =  -0.984399  Q62s =   1.708975
                   Q64c =  -1.144610  Q64s =  -1.972862  Q66c =   0.927353
                   Q66s =  -0.004179

H          x =  4.052898  y =  2.340289  z = -0.000000 bohr
           Maximum rank =  6   Radius =  0.614 bohr
                   Q00  =   0.079999
|Q1| =   0.126582  Q11c =  -0.109573  Q11s =  -0.063378
|Q2| =   0.197805  Q20  =  -0.162264  Q22c =   0.056549  Q22s =   0.097977
|Q3| =   0.262652  Q31c =  -0.180142  Q31s =  -0.103995  Q33c =  -0.000139
                   Q33s =   0.160375
|Q4| =   0.183766  Q40  =  -0.152340  Q42c =   0.030300  Q42s =   0.052713
                   Q44c =  -0.041542  Q44s =   0.071693
|Q5| =   1.361428  Q51c =  -0.946534  Q51s =  -0.546464  Q53c =  -0.000764
                   Q53s =   0.775018  Q55c =   0.209264  Q55s =  -0.120380
|Q6| =   3.384872  Q60  =   1.226299  Q62c =  -0.986358  Q62s =  -1.708273
                   Q64c =  -1.142402  Q64s =   1.974107  Q66c =   0.927505
                   Q66s =   0.001228

Total multipoles referred to origin at
           x =   0.000000,  y =    0.000000,  z =    0.000000 bohr
                   Q00  =  -0.000002
|Q1| =   0.000253  Q11c =   0.000132  Q11s =  -0.000216
|Q2| =   6.625483  Q20  =  -6.625483  Q22c =   0.002283  Q22s =   0.000236
|Q3| =   0.054401  Q31c =  -0.005232  Q31s =   0.007793  Q33c =  -0.053516
                   Q33s =   0.002710
|Q4| = 189.984337  Q40  = 189.983972  Q42c =  -0.040198  Q42s =  -0.008811
                   Q44c =  -0.358435  Q44s =  -0.092027
|Q5| =   1.814188  Q51c =   0.116236  Q51s =  -0.165191  Q53c =   0.051773
                   Q53s =  -0.080225  Q55c =   0.941193  Q55s =   1.534770
|Q6| =  7.480E+03  Q60  = -4.366E+03  Q62c =  1.476E+00  Q62s =  1.179E-01
                   Q64c =  7.103E+00  Q64s =  1.772E+00  Q66c = -6.074E+03
                   Q66s =  4.106E+00

CPU time used:      5m28.973s          Total:      5m28.973s

Finished at 11:31:6 on 13 Nov 2015  
