                                     G D M A

                                 by Anthony Stone

                         version 2.2.11, 04 February 2015

               Distributed Multipoles from Gaussian wavefunctions


Starting at 14:36:30 on 31 Oct 2015 

cis-mesno b3lyp aug-cc-pvdz

WARNING: string truncated


Using SCF density matrix from file cis-mesno_b3lyp_augccpvdz.fchk


                         Distributed Multipole Analysis

Standard DMA for products of primitives with exponent greater than 4.00000
Using 80-point Euler-MacLaurin radial quadrature
Using 590-point Lebedev quadrature
Becke smoothing parameter = 3

Positions and radii in bohr
Multipole moments in atomic units, ea_0^k for rank k

O          x = -1.479913  y = -2.855442  z =  0.000000 bohr
           Maximum rank =  6   Radius =  1.228 bohr
                   Q00  =  -0.238675
|Q1| =   0.388687  Q11c =  -0.248114  Q11s =   0.299193
|Q2| =   0.917314  Q20  =  -0.082527  Q22c =  -0.759417  Q22s =  -0.507878
|Q3| =   0.659040  Q31c =  -0.092444  Q31s =  -0.522027  Q33c =  -0.385868
                   Q33s =   0.066194
|Q4| =   1.411437  Q40  =   0.744559  Q42c =  -0.714819  Q42s =  -0.694495
                   Q44c =  -0.344141  Q44s =   0.571019
|Q5| =   3.196227  Q51c =   1.758601  Q51s =  -1.008486  Q53c =  -0.588737
                   Q53s =  -2.238092  Q55c =  -0.133589  Q55s =   0.855939
|Q6| =   9.538003  Q60  =   3.465204  Q62c =   3.204026  Q62s =  -1.137450
                   Q64c =   1.168475  Q64s =  -0.869537  Q66c =   0.924374
                   Q66s =   8.026854

N          x = -2.331265  y = -0.777068  z = -0.000000 bohr
           Maximum rank =  6   Radius =  1.228 bohr
                   Q00  =  -0.229302
|Q1| =   0.757748  Q11c =   0.127316  Q11s =  -0.746975
|Q2| =   0.517125  Q20  =  -0.147782  Q22c =  -0.344754  Q22s =  -0.355983
|Q3| =   1.369353  Q31c =  -1.005231  Q31s =  -0.927564  Q33c =   0.008199
                   Q33s =   0.064777
|Q4| =   3.921477  Q40  =   1.903544  Q42c =   1.332181  Q42s =  -2.420639
                   Q44c =  -1.994064  Q44s =   0.379497
|Q5| =   6.882546  Q51c =  -1.998185  Q51s =  -1.263222  Q53c =   2.114726
                   Q53s =   1.658998  Q55c =   0.967120  Q55s =  -5.798389
|Q6| =  26.672160  Q60  =  12.702881  Q62c =   5.224615  Q62s = -15.680676
                   Q64c = -13.021364  Q64s =   2.698760  Q66c =   5.600862
                   Q66s =   8.285642

S          x =  0.000000  y =  1.817686  z =  0.000000 bohr
           Maximum rank =  6   Radius =  1.228 bohr
                   Q00  =   0.552172
|Q1| =   0.940956  Q11c =   0.089189  Q11s =  -0.936719
|Q2| =   2.196745  Q20  =  -1.975814  Q22c =   0.928383  Q22s =   0.244847
|Q3| =   0.885472  Q31c =   0.492259  Q31s =  -0.590175  Q33c =   0.394698
                   Q33s =  -0.194033
|Q4| =   4.232684  Q40  =  -3.402524  Q42c =   1.839771  Q42s =   1.616823
                   Q44c =   0.419375  Q44s =  -0.404591
|Q5| =   5.479198  Q51c =   0.953064  Q51s =   0.288551  Q53c =   2.848656
                   Q53s =  -3.736982  Q55c =  -1.779830  Q55s =   1.944826
|Q6| =  28.563111  Q60  = -23.234275  Q62c =   8.429874  Q62s =  10.479091
                   Q64c =   8.440084  Q64s =   1.201683  Q66c =  -4.448489
                   Q66s =  -1.636313

C          x =  2.932288  y =  0.022600  z =  0.000000 bohr
           Maximum rank =  6   Radius =  1.228 bohr
                   Q00  =  -0.362930
|Q1| =   0.409970  Q11c =   0.313410  Q11s =  -0.264290
|Q2| =   0.584358  Q20  =   0.119871  Q22c =  -0.021403  Q22s =   0.571530
|Q3| =   2.943725  Q31c =   0.444281  Q31s =  -2.488605  Q33c =  -1.008906
                   Q33s =   1.121198
|Q4| =   2.864085  Q40  =   1.840551  Q42c =  -1.500093  Q42s =   0.715178
                   Q44c =  -1.299584  Q44s =  -0.603881
|Q5| =   7.231412  Q51c =  -2.152763  Q51s =   1.429822  Q53c =  -4.519549
                   Q53s =  -0.140070  Q55c =   5.012028  Q55s =  -0.219467
|Q6| =  36.350608  Q60  =  23.366271  Q62c =  11.132700  Q62s =   4.168982
                   Q64c = -10.661558  Q64s = -14.123896  Q66c =   4.050748
                   Q66s =  17.450067

H          x =  4.484271  y =  1.394699  z =  0.000000 bohr
           Maximum rank =  6   Radius =  0.614 bohr
                   Q00  =   0.079222
|Q1| =   0.123894  Q11c =  -0.100458  Q11s =  -0.072511
|Q2| =   0.194515  Q20  =  -0.106401  Q22c =   0.024681  Q22s =   0.160953
|Q3| =   0.252368  Q31c =  -0.099725  Q31s =  -0.102500  Q33c =  -0.081665
                   Q33s =   0.191230
|Q4| =   0.116943  Q40  =  -0.050126  Q42c =   0.063598  Q42s =   0.083248
                   Q44c =  -0.003921  Q44s =  -0.013143
|Q5| =   1.110341  Q51c =  -0.361112  Q51s =  -0.289411  Q53c =  -0.241835
                   Q53s =   0.627089  Q55c =   0.747740  Q55s =  -0.088637
|Q6| =   2.421418  Q60  =   0.234789  Q62c =   0.322876  Q62s =  -0.508132
                   Q64c =  -1.257550  Q64s =   0.183911  Q66c =   1.635565
                   Q66s =   1.074881

H          x =  3.040080  y = -1.165135  z =  1.695006 bohr
           Maximum rank =  6   Radius =  0.614 bohr
                   Q00  =   0.099757
|Q1| =   0.125620  Q10  =  -0.098247  Q11c =  -0.057943  Q11s =   0.052636
|Q2| =   0.165689  Q20  =   0.060237  Q21c =  -0.004248  Q21s =  -0.148249
                   Q22c =  -0.025907  Q22s =   0.034020
|Q3| =   0.188682  Q30  =   0.013247  Q31c =   0.089247  Q31s =  -0.147867
                   Q32c =  -0.053238  Q32s =  -0.051163  Q33c =   0.004624
                   Q33s =  -0.011077
|Q4| =   0.241487  Q40  =   0.057349  Q41c =   0.099850  Q41s =   0.015239
                   Q42c =   0.132928  Q42s =  -0.102370  Q43c =  -0.098875
                   Q43s =  -0.068429  Q44c =  -0.045695  Q44s =  -0.011331
|Q5| =   0.792192  Q50  =   0.371417  Q51c =   0.086277  Q51s =   0.068745
                   Q52c =   0.527620  Q52s =   0.307223  Q53c =   0.046445
                   Q53s =  -0.252683  Q54c =  -0.141815  Q54s =   0.024324
                   Q55c =  -0.121558  Q55s =   0.056510
|Q6| =   1.899493  Q60  =   0.620923  Q61c =   0.443680  Q61s =  -0.102138
                   Q62c =   0.653945  Q62s =   1.135128  Q63c =   0.855604
                   Q63s =   0.151802  Q64c =  -0.046464  Q64s =  -0.533480
                   Q65c =  -0.264657  Q65s =   0.022489  Q66c =  -0.143142
                   Q66s =   0.407657

H          x =  3.040080  y = -1.165135  z = -1.695006 bohr
           Maximum rank =  6   Radius =  0.614 bohr
                   Q00  =   0.099757
|Q1| =   0.125620  Q10  =   0.098247  Q11c =  -0.057943  Q11s =   0.052636
|Q2| =   0.165689  Q20  =   0.060237  Q21c =   0.004248  Q21s =   0.148249
                   Q22c =  -0.025907  Q22s =   0.034020
|Q3| =   0.188682  Q30  =  -0.013247  Q31c =   0.089247  Q31s =  -0.147867
                   Q32c =   0.053238  Q32s =   0.051163  Q33c =   0.004624
                   Q33s =  -0.011077
|Q4| =   0.241487  Q40  =   0.057349  Q41c =  -0.099850  Q41s =  -0.015239
                   Q42c =   0.132928  Q42s =  -0.102370  Q43c =   0.098875
                   Q43s =   0.068429  Q44c =  -0.045695  Q44s =  -0.011331
|Q5| =   0.792192  Q50  =  -0.371417  Q51c =   0.086277  Q51s =   0.068745
                   Q52c =  -0.527620  Q52s =  -0.307223  Q53c =   0.046445
                   Q53s =  -0.252683  Q54c =   0.141815  Q54s =  -0.024324
                   Q55c =  -0.121558  Q55s =   0.056510
|Q6| =   1.899493  Q60  =   0.620923  Q61c =  -0.443680  Q61s =   0.102138
                   Q62c =   0.653945  Q62s =   1.135128  Q63c =  -0.855604
                   Q63s =  -0.151802  Q64c =  -0.046464  Q64s =  -0.533480
                   Q65c =   0.264657  Q65s =  -0.022489  Q66c =  -0.143142
                   Q66s =   0.407657

Total multipoles referred to origin at
           x =   0.000000,  y =    0.000000,  z =    0.000000 bohr
                   Q00  =   0.000000
|Q1| =   0.858846  Q11c =   0.850815  Q11s =   0.117180
|Q2| =   2.608514  Q20  =   0.498574  Q22c =   2.519796  Q22s =  -0.454312
|Q3| =  16.904558  Q31c =  -7.351385  Q31s = -13.859304  Q33c =   0.690157
                   Q33s =   6.258163
|Q4| =  65.507915  Q40  =  -7.945684  Q42c =   2.857504  Q42s = -13.879487
                   Q44c = -41.343596  Q44s =  48.146179
|Q5| = 358.528835  Q51c = 153.922432  Q51s = 206.478829  Q53c = -33.844545
                   Q53s = -245.712219  Q55c =  26.374750  Q55s =   1.314649
|Q6| =  2.712E+03  Q60  = -1.927E+02  Q62c =  3.935E+02  Q62s =  4.283E+02
                   Q64c = -3.880E+02  Q64s = -1.475E+03  Q66c = -1.882E+03
                   Q66s =  1.056E+03

CPU time used:      0m20.103s          Total:      0m20.103s

Finished at 14:36:50 on 31 Oct 2015 
