                                     G D M A

                                 by Anthony Stone

                         version 2.2.11, 04 February 2015

               Distributed Multipoles from Gaussian wavefunctions


Starting at 11:6:20 on 24 Oct 2015  

cis-mesno pbe def2svp

WARNING: string truncated


Using SCF density matrix from file cis-mesno_pbe_def2svp.fchk


                         Distributed Multipole Analysis

Standard DMA for products of primitives with exponent greater than 4.00000
Using 80-point Euler-MacLaurin radial quadrature
Using 590-point Lebedev quadrature
Becke smoothing parameter = 3

Positions and radii in bohr
Multipole moments in atomic units, ea_0^k for rank k

O          x = -1.468306  y = -2.790446  z =  0.000000 bohr
           Maximum rank =  4   Radius =  1.228 bohr
                   Q00  =  -0.246583
|Q1| =   0.409083  Q11c =  -0.260633  Q11s =   0.315309
|Q2| =   0.893053  Q20  =  -0.011346  Q22c =  -0.766726  Q22s =  -0.457762
|Q3| =   0.679010  Q31c =  -0.030800  Q31s =  -0.522720  Q33c =  -0.394659
                   Q33s =  -0.176389
|Q4| =   1.623785  Q40  =   0.917088  Q42c =  -0.594283  Q42s =  -0.669080
                   Q44c =  -0.944055  Q44s =   0.321789

N          x = -2.273629  y = -0.707864  z =  0.000000 bohr
           Maximum rank =  4   Radius =  1.228 bohr
                   Q00  =  -0.251804
|Q1| =   0.746484  Q11c =   0.174791  Q11s =  -0.725732
|Q2| =   0.489430  Q20  =  -0.106584  Q22c =  -0.373416  Q22s =  -0.297896
|Q3| =   1.357508  Q31c =  -1.096889  Q31s =  -0.761287  Q33c =  -0.022394
                   Q33s =   0.244138
|Q4| =   4.325928  Q40  =   2.245307  Q42c =   0.818853  Q42s =  -2.856127
                   Q44c =  -2.197502  Q44s =   0.123499

S          x =  0.000000  y =  1.770558  z = -0.000000 bohr
           Maximum rank =  4   Radius =  1.228 bohr
                   Q00  =   0.587760
|Q1| =   0.962580  Q11c =   0.073534  Q11s =  -0.959767
|Q2| =   2.154154  Q20  =  -1.916163  Q22c =   0.924537  Q22s =   0.337538
|Q3| =   0.452930  Q31c =   0.263811  Q31s =  -0.246457  Q33c =   0.174437
                   Q33s =  -0.210666
|Q4| =   3.044101  Q40  =  -2.250601  Q42c =   1.211431  Q42s =   1.255781
                   Q44c =   0.270528  Q44s =  -1.040966

C          x =  2.872554  y = -0.000152  z = -0.000000 bohr
           Maximum rank =  4   Radius =  1.228 bohr
                   Q00  =  -0.380062
|Q1| =   0.375424  Q11c =   0.282321  Q11s =  -0.247463
|Q2| =   0.534470  Q20  =   0.077677  Q22c =  -0.006261  Q22s =   0.528758
|Q3| =   2.920840  Q31c =   0.469288  Q31s =  -2.450665  Q33c =  -0.993414
                   Q33s =   1.148236
|Q4| =   3.026640  Q40  =   1.748235  Q42c =  -1.975848  Q42s =   0.672639
                   Q44c =  -1.200801  Q44s =  -0.553069

H          x =  4.447970  y =  1.361364  z =  0.000000 bohr
           Maximum rank =  4   Radius =  0.614 bohr
                   Q00  =   0.084030
|Q1| =   0.121333  Q11c =  -0.101472  Q11s =  -0.066521
|Q2| =   0.193821  Q20  =  -0.109492  Q22c =   0.029390  Q22s =   0.157208
|Q3| =   0.177955  Q31c =  -0.084838  Q31s =  -0.063741  Q33c =  -0.039799
                   Q33s =   0.137199
|Q4| =   0.220859  Q40  =  -0.102474  Q42c =   0.013087  Q42s =   0.135428
                   Q44c =   0.133358  Q44s =  -0.044514

H          x =  2.989280  y = -1.205383  z =  1.696461 bohr
           Maximum rank =  4   Radius =  0.614 bohr
                   Q00  =   0.103329
|Q1| =   0.126367  Q10  =  -0.099139  Q11c =  -0.056857  Q11s =   0.053920
|Q2| =   0.159853  Q20  =   0.056104  Q21c =   0.005841  Q21s =  -0.145680
                   Q22c =  -0.026446  Q22s =   0.021194
|Q3| =   0.148307  Q30  =   0.005930  Q31c =   0.077010  Q31s =  -0.098776
                   Q32c =  -0.040990  Q32s =  -0.064875  Q33c =  -0.005669
                   Q33s =  -0.018744
|Q4| =   0.226524  Q40  =   0.072279  Q41c =   0.043352  Q41s =   0.090881
                   Q42c =   0.134396  Q42s =  -0.065543  Q43c =  -0.065106
                   Q43s =  -0.086757  Q44c =  -0.041717  Q44s =  -0.009265

H          x =  2.989280  y = -1.205383  z = -1.696461 bohr
           Maximum rank =  4   Radius =  0.614 bohr
                   Q00  =   0.103329
|Q1| =   0.126367  Q10  =   0.099139  Q11c =  -0.056857  Q11s =   0.053920
|Q2| =   0.159853  Q20  =   0.056104  Q21c =  -0.005841  Q21s =   0.145680
                   Q22c =  -0.026446  Q22s =   0.021194
|Q3| =   0.148307  Q30  =  -0.005930  Q31c =   0.077010  Q31s =  -0.098776
                   Q32c =   0.040990  Q32s =   0.064875  Q33c =  -0.005669
                   Q33s =  -0.018744
|Q4| =   0.226524  Q40  =   0.072279  Q41c =  -0.043352  Q41s =  -0.090881
                   Q42c =   0.134396  Q42s =  -0.065543  Q43c =   0.065106
                   Q43s =   0.086757  Q44c =  -0.041717  Q44s =  -0.009265

Total multipoles referred to origin at
           x =   0.000000,  y =    0.000000,  z =    0.000000 bohr
                   Q00  =  -0.000000
|Q1| =   0.910515  Q11c =   0.889169  Q11s =   0.195998
|Q2| =   2.431403  Q20  =   0.853245  Q22c =   2.239538  Q22s =  -0.410078
|Q3| =  17.213408  Q31c =  -8.615894  Q31s = -13.628204  Q33c =  -0.028486
                   Q33s =   6.028187
|Q4| =  65.900270  Q40  = -12.288555  Q42c =   0.128013  Q42s = -14.266383
                   Q44c = -47.107715  Q44s =  42.061315

CPU time used:      0m 7.009s          Total:      0m 7.009s

Finished at 11:6:27 on 24 Oct 2015  
