                                     G D M A

                                 by Anthony Stone

                         version 2.2.11, 04 February 2015

               Distributed Multipoles from Gaussian wavefunctions


Starting at 16:20:9 on 21 Oct 2015  

co2 b3lyp aug-cc-pvdz

WARNING: string truncated


Using SCF density matrix from file co2_b3lyp_augccpvdz.fchk


                         Distributed Multipole Analysis

Standard DMA for products of primitives with exponent greater than 4.00000
Using 80-point Euler-MacLaurin radial quadrature
Using 590-point Lebedev quadrature
Becke smoothing parameter = 3

Positions and radii in bohr
Multipole moments in atomic units, ea_0^k for rank k

O1          x =  0.000000  y = -0.000000  z =  2.206013 bohr
           Maximum rank =  4   Radius =  1.228 bohr
                   Q00  =  -0.217192
|Q1| =   0.389650  Q10  =  -0.389650
|Q2| =   0.781901  Q20  =   0.781901
|Q3| =   0.325033  Q30  =  -0.325033
|Q4| =   0.599779  Q40  =  -0.599779

C          x =  0.000000  y = -0.000000  z =  0.000000 bohr
           Maximum rank =  4   Radius =  1.228 bohr
                   Q00  =   0.434384
|Q1| =   0.000000
|Q2| =   0.604675  Q20  =   0.604675
|Q3| =   0.000000
|Q4| =   0.990603  Q40  =   0.990603

O2          x =  0.000000  y = -0.000000  z = -2.206013 bohr
           Maximum rank =  4   Radius =  1.228 bohr
                   Q00  =  -0.217192
|Q1| =   0.389650  Q10  =   0.389650
|Q2| =   0.781901  Q20  =   0.781901
|Q3| =   0.325033  Q30  =   0.325033
|Q4| =   0.599779  Q40  =  -0.599779

Total multipoles referred to origin at
           x =   0.000000,  y =    0.000000,  z =    0.000000 bohr
                   Q00  =  -0.000000
|Q1| =   0.000000
|Q2| =   3.383744  Q20  =  -3.383744
|Q3| =   0.000000
|Q4| =   4.036066  Q40  =  -4.036066

CPU time used:      0m 3.301s          Total:      0m 3.301s

Finished at 16:20:12 on 21 Oct 2015 
