                                     G D M A

                                 by Anthony Stone

                         version 2.2.11, 04 February 2015

               Distributed Multipoles from Gaussian wavefunctions


Starting at 11:16:10 on 13 Nov 2015 

methanethiol mp2 aug-cc-pvtz

WARNING: string truncated


Using SCF density matrix from file methanethiol_mp2_augccpvtz.fchk


                         Distributed Multipole Analysis

Standard DMA for products of primitives with exponent greater than 4.00000
Using 80-point Euler-MacLaurin radial quadrature
Using 590-point Lebedev quadrature
Becke smoothing parameter = 3

Positions and radii in bohr
Multipole moments in atomic units, ea_0^k for rank k

S          x = -0.090266  y = -1.255310  z =  0.000000 bohr
           Maximum rank =  6   Radius =  1.228 bohr
                   Q00  =   0.265800
|Q1| =   0.896099  Q11c =   0.503375  Q11s =   0.741355
|Q2| =   2.831147  Q20  =  -2.666125  Q22c =  -0.161230  Q22s =  -0.938710
|Q3| =   2.024696  Q31c =  -0.302735  Q31s =   1.888507  Q33c =   0.499427
                   Q33s =  -0.438017
|Q4| =   4.348206  Q40  =  -2.555108  Q42c =  -2.126797  Q42s =  -1.578574
                   Q44c =   1.869746  Q44s =  -1.366457
|Q5| =   9.511215  Q51c =  -5.809476  Q51s =   5.033195  Q53c =   3.928598
                   Q53s =  -3.674450  Q55c =   1.286672  Q55s =  -0.888342
|Q6| =  36.737382  Q60  =  -6.867196  Q62c = -29.241466  Q62s =   8.508655
                   Q64c =  -6.946692  Q64s = -17.782777  Q66c =   2.799297
                   Q66s =   1.642126

H          x =  2.417953  y = -1.550856  z = -0.000000 bohr
           Maximum rank =  6   Radius =  0.614 bohr
                   Q00  =  -0.057361
|Q1| =   0.071135  Q11c =  -0.010027  Q11s =   0.070425
|Q2| =   0.349307  Q20  =  -0.292701  Q22c =   0.169538  Q22s =  -0.087169
|Q3| =   0.253307  Q31c =  -0.066673  Q31s =   0.187476  Q33c =  -0.037564
                   Q33s =  -0.152187
|Q4| =   0.774254  Q40  =  -0.529722  Q42c =   0.486562  Q42s =  -0.216048
                   Q44c =  -0.142670  Q44s =   0.122841
|Q5| =   1.893642  Q51c =  -0.998808  Q51s =   1.032043  Q53c =  -0.044083
                   Q53s =  -1.124842  Q55c =   0.359735  Q55s =   0.355711
|Q6| =   3.398100  Q60  =  -1.510257  Q62c =   2.028626  Q62s =   0.243452
                   Q64c =  -2.035095  Q64s =   0.346243  Q66c =   0.717159
                   Q66s =  -0.561963

C          x = -0.090266  y =  2.176696  z = -0.000000 bohr
           Maximum rank =  6   Radius =  1.228 bohr
                   Q00  =  -0.371141
|Q1| =   0.535358  Q11c =  -0.038705  Q11s =   0.533957
|Q2| =   0.639484  Q20  =   0.274083  Q22c =   0.574298  Q22s =   0.063240
|Q3| =   3.260434  Q31c =   2.154678  Q31s =   1.840947  Q33c =  -0.931936
                   Q33s =   1.315372
|Q4| =   4.792263  Q40  =   2.668224  Q42c =   3.186517  Q42s =   0.677224
                   Q44c =   2.228810  Q44s =   0.515991
|Q5| =   8.557572  Q51c =  -0.828474  Q51s =  -4.981814  Q53c =  -4.092379
                   Q53s =  -4.293740  Q55c =   1.558710  Q55s =  -3.180231
|Q6| =  40.289584  Q60  =  25.424868  Q62c =   3.510320  Q62s = -15.844701
                   Q64c =  20.887870  Q64s =   2.455589  Q66c =   1.832602
                   Q66s =  16.363322

H          x = -2.063845  y =  2.745777  z =  0.000000 bohr
           Maximum rank =  6   Radius =  0.614 bohr
                   Q00  =   0.057815
|Q1| =   0.117261  Q11c =   0.106310  Q11s =  -0.049481
|Q2| =   0.198752  Q20  =  -0.117022  Q22c =   0.135625  Q22s =  -0.086107
|Q3| =   0.209723  Q31c =   0.124251  Q31s =  -0.045101  Q33c =  -0.069933
                   Q33s =   0.147040
|Q4| =   0.191356  Q40  =  -0.034363  Q42c =   0.130054  Q42s =  -0.102500
                   Q44c =  -0.058708  Q44s =   0.067596
|Q5| =   1.016532  Q51c =   0.339552  Q51s =  -0.179487  Q53c =  -0.439072
                   Q53s =   0.570559  Q55c =  -0.111071  Q55s =  -0.595959
|Q6| =   1.238987  Q60  =   0.229839  Q62c =  -0.247696  Q62s =   0.140787
                   Q64c =   0.640485  Q64s =  -0.521899  Q66c =   0.491064
                   Q66s =   0.690901

H          x =  0.815876  y =  2.914932  z =  1.686293 bohr
           Maximum rank =  6   Radius =  0.614 bohr
                   Q00  =   0.052443
|Q1| =   0.120540  Q10  =  -0.091913  Q11c =  -0.049942  Q11s =  -0.059899
|Q2| =   0.199830  Q20  =   0.100889  Q21c =   0.130993  Q21s =   0.099853
                   Q22c =   0.003509  Q22s =   0.051102
|Q3| =   0.225342  Q30  =   0.031001  Q31c =   0.112182  Q31s =   0.139203
                   Q32c =   0.021642  Q32s =   0.129082  Q33c =  -0.022494
                   Q33s =   0.014801
|Q4| =   0.181208  Q40  =   0.104000  Q41c =  -0.097639  Q41s =  -0.001301
                   Q42c =   0.042668  Q42s =  -0.087254  Q43c =   0.019975
                   Q43s =  -0.033586  Q44c =   0.037782  Q44s =   0.009847
|Q5| =   1.094646  Q50  =   0.585428  Q51c =  -0.085023  Q51s =  -0.105756
                   Q52c =   0.253186  Q52s =  -0.658234  Q53c =   0.293137
                   Q53s =  -0.401165  Q54c =   0.282770  Q54s =   0.015893
                   Q55c =   0.103443  Q55s =   0.044283
|Q6| =   2.239426  Q60  =   1.074772  Q61c =   0.207882  Q61s =  -0.481215
                   Q62c =   1.099228  Q62s =  -0.812748  Q63c =   0.480399
                   Q63s =  -0.767988  Q64c =   0.795578  Q64s =  -0.074914
                   Q65c =   0.489788  Q65s =  -0.032855  Q66c =   0.126583
                   Q66s =  -0.010630

H          x =  0.815876  y =  2.914932  z = -1.686293 bohr
           Maximum rank =  6   Radius =  0.614 bohr
                   Q00  =   0.052443
|Q1| =   0.120540  Q10  =   0.091913  Q11c =  -0.049942  Q11s =  -0.059899
|Q2| =   0.199830  Q20  =   0.100889  Q21c =  -0.130993  Q21s =  -0.099853
                   Q22c =   0.003509  Q22s =   0.051102
|Q3| =   0.225342  Q30  =  -0.031001  Q31c =   0.112182  Q31s =   0.139203
                   Q32c =  -0.021642  Q32s =  -0.129082  Q33c =  -0.022494
                   Q33s =   0.014801
|Q4| =   0.181208  Q40  =   0.104000  Q41c =   0.097639  Q41s =   0.001301
                   Q42c =   0.042668  Q42s =  -0.087254  Q43c =  -0.019975
                   Q43s =   0.033586  Q44c =   0.037782  Q44s =   0.009847
|Q5| =   1.094646  Q50  =  -0.585428  Q51c =  -0.085023  Q51s =  -0.105756
                   Q52c =  -0.253186  Q52s =   0.658234  Q53c =   0.293137
                   Q53s =  -0.401165  Q54c =  -0.282770  Q54s =  -0.015893
                   Q55c =   0.103443  Q55s =   0.044283
|Q6| =   2.239426  Q60  =   1.074772  Q61c =  -0.207882  Q61s =   0.481215
                   Q62c =   1.099228  Q62s =  -0.812748  Q63c =  -0.480399
                   Q63s =   0.767988  Q64c =   0.795578  Q64s =  -0.074914
                   Q65c =  -0.489788  Q65s =   0.032855  Q66c =   0.126583
                   Q66s =  -0.010630

Total multipoles referred to origin at
           x =   0.000000,  y =    0.000000,  z =    0.000000 bohr
                   Q00  =  -0.000001
|Q1| =   0.659601  Q11c =   0.298134  Q11s =   0.588378
|Q2| =   2.795898  Q20  =  -2.106643  Q22c =   0.830456  Q22s =  -1.639954
|Q3| =  10.760786  Q31c =   1.120158  Q31s =  10.056504  Q33c =  -3.660146
                   Q33s =   0.099152
|Q4| =  34.874655  Q40  =  12.101816  Q42c =  -3.104759  Q42s =  29.601017
                   Q44c =  -8.192650  Q44s = -10.807791
|Q5| = 185.205136  Q51c = -34.333775  Q51s = -77.874150  Q53c = -115.485275
                   Q53s = -52.142753  Q55c =  67.095772  Q55s = -80.623775
|Q6| = 660.388967  Q60  = -119.961443  Q62c =  92.204740  Q62s = -421.761396
                   Q64c = 150.323118  Q64s = -349.627449  Q66c = -151.897426
                   Q66s = 259.671389

CPU time used:      0m41.975s          Total:      0m41.975s

Finished at 11:16:52 on 13 Nov 2015 
