                                     G D M A

                                 by Anthony Stone

                         version 2.2.11, 04 February 2015

               Distributed Multipoles from Gaussian wavefunctions


Starting at 14:34:30 on 31 Oct 2015 

methanol mp2 aug-cc-pvtz

WARNING: string truncated


Using SCF density matrix from file methanol_mp2_augccpvtz.fchk


                         Distributed Multipole Analysis

Standard DMA for products of primitives with exponent greater than 4.00000
Using 80-point Euler-MacLaurin radial quadrature
Using 590-point Lebedev quadrature
Becke smoothing parameter = 3

Positions and radii in bohr
Multipole moments in atomic units, ea_0^k for rank k

O          x = -0.088343  y = -1.431807  z =  0.000000 bohr
           Maximum rank =  6   Radius =  1.228 bohr
                   Q00  =  -0.444220
|Q1| =   0.367820  Q11c =   0.319604  Q11s =   0.182056
|Q2| =   1.053572  Q20  =  -0.913166  Q22c =  -0.064328  Q22s =  -0.521540
|Q3| =   1.107468  Q31c =  -0.555900  Q31s =   0.023103  Q33c =   0.240059
                   Q33s =  -0.926983
|Q4| =   1.067510  Q40  =   0.045375  Q42c =   0.087182  Q42s =  -0.656584
                   Q44c =   0.792811  Q44s =  -0.265078
|Q5| =   2.900008  Q51c =  -1.535171  Q51s =   0.028532  Q53c =   0.380544
                   Q53s =  -2.319325  Q55c =   0.166178  Q55s =  -0.707662
|Q6| =  10.663196  Q60  =   4.138346  Q62c =   1.290550  Q62s =  -0.344441
                   Q64c =   3.333708  Q64s =  -4.579750  Q66c =   6.348294
                   Q66s =   4.733405

H          x =  1.638798  y = -1.994023  z =  0.000000 bohr
           Maximum rank =  6   Radius =  0.614 bohr
                   Q00  =   0.220084
|Q1| =   0.043602  Q11c =  -0.032390  Q11s =   0.029188
|Q2| =   0.173437  Q20  =  -0.128326  Q22c =   0.075661  Q22s =  -0.088816
|Q3| =   0.128086  Q31c =  -0.064912  Q31s =   0.066157  Q33c =  -0.015170
                   Q33s =  -0.087095
|Q4| =   0.178618  Q40  =  -0.090560  Q42c =   0.108249  Q42s =  -0.092971
                   Q44c =   0.007601  Q44s =   0.057307
|Q5| =   0.582425  Q51c =  -0.248970  Q51s =   0.266246  Q53c =   0.025995
                   Q53s =  -0.362215  Q55c =   0.255258  Q55s =   0.096506
|Q6| =   0.492221  Q60  =   0.146349  Q62c =   0.225530  Q62s =   0.270779
                   Q64c =  -0.106587  Q64s =  -0.040258  Q66c =   0.282682
                   Q66s =  -0.061549

C          x = -0.088343  y =  1.258450  z = -0.000000 bohr
           Maximum rank =  6   Radius =  1.228 bohr
                   Q00  =   0.058049
|Q1| =   0.144869  Q11c =  -0.049215  Q11s =  -0.136253
|Q2| =   0.113786  Q20  =  -0.017588  Q22c =  -0.089208  Q22s =   0.068408
|Q3| =   2.218829  Q31c =   1.744895  Q31s =   0.873930  Q33c =  -0.687646
                   Q33s =   0.801208
|Q4| =   2.605794  Q40  =   0.070975  Q42c =  -0.090655  Q42s =   2.521058
                   Q44c =  -0.166733  Q44s =  -0.627194
|Q5| =   0.937419  Q51c =  -0.074224  Q51s =  -0.102514  Q53c =  -0.002795
                   Q53s =   0.206868  Q55c =  -0.127924  Q55s =   0.896420
|Q6| =  15.772983  Q60  =   9.856934  Q62c =  -7.104485  Q62s =  -5.108279
                   Q64c =   6.747077  Q64s =  -1.317537  Q66c =  -1.300145
                   Q66s =   5.109822

H          x = -2.055331  y =  1.843354  z = -0.000000 bohr
           Maximum rank =  6   Radius =  0.614 bohr
                   Q00  =   0.066490
|Q1| =   0.129381  Q11c =   0.103705  Q11s =  -0.077361
|Q2| =   0.170926  Q20  =  -0.126922  Q22c =   0.099440  Q22s =  -0.056729
|Q3| =   0.191211  Q31c =   0.117768  Q31s =  -0.073450  Q33c =  -0.017736
                   Q33s =   0.130319
|Q4| =   0.168002  Q40  =  -0.082391  Q42c =   0.099762  Q42s =  -0.011403
                   Q44c =  -0.105955  Q44s =  -0.011288
|Q5| =   0.646430  Q51c =   0.423579  Q51s =  -0.147275  Q53c =  -0.135360
                   Q53s =   0.380173  Q55c =  -0.026099  Q55s =  -0.230710
|Q6| =   0.994033  Q60  =   0.064827  Q62c =  -0.299729  Q62s =   0.490577
                   Q64c =  -0.474702  Q64s =  -0.448605  Q66c =   0.476187
                   Q66s =  -0.007240

H          x =  0.826666  y =  2.027213  z =  1.680570 bohr
           Maximum rank =  6   Radius =  0.614 bohr
                   Q00  =   0.049799
|Q1| =   0.136721  Q10  =  -0.094564  Q11c =  -0.056964  Q11s =  -0.080655
|Q2| =   0.170293  Q20  =   0.080585  Q21c =   0.123697  Q21s =   0.069633
                   Q22c =  -0.030379  Q22s =   0.037860
|Q3| =   0.196932  Q30  =  -0.006071  Q31c =   0.102084  Q31s =   0.098380
                   Q32c =  -0.026495  Q32s =   0.127226  Q33c =  -0.041905
                   Q33s =   0.000965
|Q4| =   0.143497  Q40  =   0.012893  Q41c =  -0.120585  Q41s =  -0.007771
                   Q42c =  -0.064432  Q42s =  -0.033371  Q43c =   0.002023
                   Q43s =   0.012295  Q44c =  -0.006113  Q44s =   0.019138
|Q5| =   0.662953  Q50  =   0.264119  Q51c =  -0.124798  Q51s =   0.046726
                   Q52c =  -0.129792  Q52s =  -0.433624  Q53c =   0.278555
                   Q53s =  -0.183098  Q54c =   0.107912  Q54s =   0.127734
                   Q55c =  -0.050203  Q55s =   0.074264
|Q6| =   0.988948  Q60  =   0.052062  Q61c =   0.264662  Q61s =   0.295284
                   Q62c =   0.101373  Q62s =  -0.186443  Q63c =   0.625218
                   Q63s =  -0.299906  Q64c =   0.301010  Q64s =   0.281725
                   Q65c =   0.121882  Q65s =   0.255770  Q66c =  -0.195670
                   Q66s =  -0.060446

H          x =  0.826666  y =  2.027213  z = -1.680570 bohr
           Maximum rank =  6   Radius =  0.614 bohr
                   Q00  =   0.049799
|Q1| =   0.136721  Q10  =   0.094564  Q11c =  -0.056964  Q11s =  -0.080655
|Q2| =   0.170293  Q20  =   0.080585  Q21c =  -0.123697  Q21s =  -0.069633
                   Q22c =  -0.030379  Q22s =   0.037860
|Q3| =   0.196932  Q30  =   0.006071  Q31c =   0.102084  Q31s =   0.098380
                   Q32c =   0.026495  Q32s =  -0.127226  Q33c =  -0.041905
                   Q33s =   0.000965
|Q4| =   0.143497  Q40  =   0.012893  Q41c =   0.120585  Q41s =   0.007771
                   Q42c =  -0.064432  Q42s =  -0.033371  Q43c =  -0.002023
                   Q43s =  -0.012295  Q44c =  -0.006113  Q44s =   0.019138
|Q5| =   0.662953  Q50  =  -0.264119  Q51c =  -0.124798  Q51s =   0.046726
                   Q52c =   0.129792  Q52s =   0.433624  Q53c =   0.278555
                   Q53s =  -0.183098  Q54c =  -0.107912  Q54s =  -0.127734
                   Q55c =  -0.050203  Q55s =   0.074264
|Q6| =   0.988948  Q60  =   0.052062  Q61c =  -0.264662  Q61s =  -0.295284
                   Q62c =   0.101373  Q62s =  -0.186443  Q63c =  -0.625218
                   Q63s =   0.299906  Q64c =   0.301010  Q64s =   0.281725
                   Q65c =  -0.121882  Q65s =  -0.255770  Q66c =  -0.195670
                   Q66s =  -0.060446

Total multipoles referred to origin at
           x =   0.000000,  y =    0.000000,  z =    0.000000 bohr
                   Q00  =   0.000001
|Q1| =   0.713218  Q11c =   0.568240  Q11s =   0.431026
|Q2| =   3.116785  Q20  =  -0.849256  Q22c =   1.170424  Q22s =  -2.761018
|Q3| =   8.774182  Q31c =  -0.685148  Q31s =   4.444489  Q33c =  -6.677135
                   Q33s =  -3.489875
|Q4| =  31.379864  Q40  =  10.210845  Q42c =   0.773023  Q42s =  25.750623
                   Q44c = -14.694172  Q44s =   0.907544
|Q5| =  53.072677  Q51c =  -4.147565  Q51s = -27.075595  Q53c = -17.084992
                   Q53s =  -1.920461  Q55c =  17.018425  Q55s =  38.486451
|Q6| = 279.515169  Q60  = -129.042851  Q62c = -34.782222  Q62s = -151.287242
                   Q64c =  47.088640  Q64s = -125.198480  Q66c = -51.214571
                   Q66s = 129.861880

CPU time used:      0m32.420s          Total:      0m32.420s

Finished at 14:35:3 on 31 Oct 2015  
