                                     G D M A

                                 by Anthony Stone

                         version 2.2.11, 04 February 2015

               Distributed Multipoles from Gaussian wavefunctions


Starting at 11:3:55 on 24 Oct 2015  

trans-mesno b3lyp aug-cc-pvdz

WARNING: string truncated


Using SCF density matrix from file trans-mesno_b3lyp_augccpvdz.fchk


                         Distributed Multipole Analysis

Standard DMA for products of primitives with exponent greater than 4.00000
Using 80-point Euler-MacLaurin radial quadrature
Using 590-point Lebedev quadrature
Becke smoothing parameter = 3

Positions and radii in bohr
Multipole moments in atomic units, ea_0^k for rank k

O          x = -3.198451  y = -2.232290  z =  0.000000 bohr
           Maximum rank =  4   Radius =  1.228 bohr
                   Q00  =  -0.196308
|Q1| =   0.337502  Q11c =   0.337370  Q11s =  -0.009412
|Q2| =   0.892890  Q20  =  -0.032705  Q22c =   0.847223  Q22s =   0.279994
|Q3| =   0.623419  Q31c =  -0.485581  Q31s =  -0.053482  Q33c =  -0.030385
                   Q33s =   0.386107
|Q4| =   1.446121  Q40  =   0.203807  Q42c =   0.461310  Q42s =  -0.399085
                   Q44c =  -1.283654  Q44s =   0.172874

N          x = -0.990014  y = -1.874040  z =  0.000000 bohr
           Maximum rank =  4   Radius =  1.228 bohr
                   Q00  =  -0.235105
|Q1| =   0.725999  Q11c =  -0.668823  Q11s =  -0.282400
|Q2| =   0.764698  Q20  =  -0.125677  Q22c =   0.593614  Q22s =   0.465393
|Q3| =   1.748164  Q31c =  -0.232852  Q31s =  -1.374865  Q33c =  -0.517683
                   Q33s =   0.918482
|Q4| =   3.238379  Q40  =   1.828570  Q42c =   2.192694  Q42s =  -1.367833
                   Q44c =   0.011222  Q44s =  -0.681489

S          x = -0.000000  y =  1.489345  z = -0.000000 bohr
           Maximum rank =  4   Radius =  1.228 bohr
                   Q00  =   0.537735
|Q1| =   0.937553  Q11c =   0.385144  Q11s =  -0.854792
|Q2| =   2.270802  Q20  =  -2.020857  Q22c =   0.619766  Q22s =   0.829801
|Q3| =   0.732644  Q31c =   0.487272  Q31s =  -0.360551  Q33c =   0.362845
                   Q33s =   0.194112
|Q4| =   4.832298  Q40  =  -3.956492  Q42c =   0.988050  Q42s =   2.569266
                   Q44c =   0.080219  Q44s =   0.336856

C          x =  3.388657  y =  0.824135  z = -0.000000 bohr
           Maximum rank =  4   Radius =  1.228 bohr
                   Q00  =  -0.356312
|Q1| =   0.410136  Q11c =   0.391539  Q11s =  -0.122102
|Q2| =   0.545224  Q20  =   0.157774  Q22c =  -0.360579  Q22s =   0.377306
|Q3| =   3.039291  Q31c =   1.263761  Q31s =  -2.258274  Q33c =  -1.541089
                   Q33s =  -0.406746
|Q4| =   2.774159  Q40  =   1.713394  Q42c =  -1.783322  Q42s =  -0.289730
                   Q44c =   0.490058  Q44s =  -1.120670

H          x =  4.354538  y =  2.657399  z = -0.000000 bohr
           Maximum rank =  4   Radius =  0.614 bohr
                   Q00  =   0.077287
|Q1| =   0.124327  Q11c =  -0.069001  Q11s =  -0.103422
|Q2| =   0.194017  Q20  =  -0.108888  Q22c =  -0.085246  Q22s =   0.136085
|Q3| =   0.253662  Q31c =  -0.063995  Q31s =  -0.131285  Q33c =  -0.205763
                   Q33s =   0.025986
|Q4| =   0.106309  Q40  =  -0.045780  Q42c =  -0.020800  Q42s =   0.093198
                   Q44c =  -0.001311  Q44s =  -0.009252

H          x =  3.915613  y = -0.227566  z =  1.703209 bohr
           Maximum rank =  4   Radius =  0.614 bohr
                   Q00  =   0.086351
|Q1| =   0.126901  Q10  =  -0.095672  Q11c =  -0.068402  Q11s =   0.047665
|Q2| =   0.173560  Q20  =   0.079711  Q21c =   0.048416  Q21s =  -0.145412
                   Q22c =  -0.016010  Q22s =  -0.004933
|Q3| =   0.213848  Q30  =   0.006500  Q31c =   0.130256  Q31s =  -0.138599
                   Q32c =  -0.021082  Q32s =  -0.086765  Q33c =  -0.002873
                   Q33s =  -0.039132
|Q4| =   0.207019  Q40  =   0.027852  Q41c =   0.076458  Q41s =   0.086074
                   Q42c =   0.109491  Q42s =   0.000340  Q43c =  -0.030269
                   Q43s =  -0.080774  Q44c =  -0.081839  Q44s =  -0.051961

H          x =  3.915613  y = -0.227566  z = -1.703209 bohr
           Maximum rank =  4   Radius =  0.614 bohr
                   Q00  =   0.086351
|Q1| =   0.126901  Q10  =   0.095672  Q11c =  -0.068402  Q11s =   0.047665
|Q2| =   0.173560  Q20  =   0.079711  Q21c =  -0.048416  Q21s =   0.145412
                   Q22c =  -0.016010  Q22s =  -0.004933
|Q3| =   0.213848  Q30  =  -0.006500  Q31c =   0.130256  Q31s =  -0.138599
                   Q32c =   0.021082  Q32s =   0.086765  Q33c =  -0.002873
                   Q33s =  -0.039132
|Q4| =   0.207019  Q40  =   0.027852  Q41c =  -0.076458  Q41s =  -0.086074
                   Q42c =   0.109491  Q42s =   0.000340  Q43c =   0.030269
                   Q43s =   0.080774  Q44c =  -0.081839  Q44s =  -0.051961

Total multipoles referred to origin at
           x =   0.000000,  y =    0.000000,  z =    0.000000 bohr
                   Q00  =  -0.000000
|Q1| =   0.946366  Q11c =   0.905433  Q11s =   0.275320
|Q2| =   2.019136  Q20  =   0.182151  Q22c =   1.988994  Q22s =   0.296030
|Q3| =  21.609186  Q31c =  -8.863148  Q31s = -15.133761  Q33c =  -2.584977
                   Q33s =  12.356727
|Q4| =  48.917928  Q40  = -22.671964  Q42c =  30.882853  Q42s =  -8.275900
                   Q44c = -19.041491  Q44s = -22.228951

CPU time used:      0m23.401s          Total:      0m23.401s

Finished at 11:4:18 on 24 Oct 2015  
