                                     G D M A

                                 by Anthony Stone

                         version 2.2.11, 04 February 2015

               Distributed Multipoles from Gaussian wavefunctions


Starting at 11:8:42 on 24 Oct 2015  

trans-mesno pbe def2svp

WARNING: string truncated


Using SCF density matrix from file trans-mesno_pbe_def2svp.fchk


                         Distributed Multipole Analysis

Standard DMA for products of primitives with exponent greater than 4.00000
Using 80-point Euler-MacLaurin radial quadrature
Using 590-point Lebedev quadrature
Becke smoothing parameter = 3

Positions and radii in bohr
Multipole moments in atomic units, ea_0^k for rank k

O          x = -3.149285  y = -2.189967  z = -0.000000 bohr
           Maximum rank =  4   Radius =  1.228 bohr
                   Q00  =  -0.194895
|Q1| =   0.350268  Q11c =   0.350236  Q11s =   0.004780
|Q2| =   0.793499  Q20  =   0.013635  Q22c =   0.754434  Q22s =   0.245526
|Q3| =   0.755201  Q31c =  -0.457548  Q31s =  -0.003897  Q33c =   0.204519
                   Q33s =   0.564921
|Q4| =   1.529879  Q40  =   0.293809  Q42c =  -0.064113  Q42s =  -0.419460
                   Q44c =  -1.378722  Q44s =   0.416265

N          x = -0.963197  y = -1.806176  z =  0.000000 bohr
           Maximum rank =  4   Radius =  1.228 bohr
                   Q00  =  -0.252120
|Q1| =   0.722008  Q11c =  -0.681788  Q11s =  -0.237614
|Q2| =   0.730575  Q20  =  -0.085727  Q22c =   0.534196  Q22s =   0.490943
|Q3| =   1.676409  Q31c =  -0.185382  Q31s =  -1.329809  Q33c =  -0.678505
                   Q33s =   0.739742
|Q4| =   3.774787  Q40  =   2.547696  Q42c =   2.137224  Q42s =  -1.471346
                   Q44c =  -0.589488  Q44s =  -0.823519

S          x =  0.000000  y =  1.460591  z =  0.000000 bohr
           Maximum rank =  4   Radius =  1.228 bohr
                   Q00  =   0.558946
|Q1| =   0.972766  Q11c =   0.406897  Q11s =  -0.883577
|Q2| =   2.213308  Q20  =  -1.971677  Q22c =   0.523370  Q22s =   0.858663
|Q3| =   0.561955  Q31c =   0.403957  Q31s =  -0.165308  Q33c =   0.352366
                   Q33s =  -0.033511
|Q4| =   3.034281  Q40  =  -2.357343  Q42c =   0.050024  Q42s =   1.769891
                   Q44c =   0.694602  Q44s =   0.179743

C          x =  3.317558  y =  0.787202  z = -0.000000 bohr
           Maximum rank =  4   Radius =  1.228 bohr
                   Q00  =  -0.372475
|Q1| =   0.376879  Q11c =   0.358019  Q11s =  -0.117731
|Q2| =   0.490561  Q20  =   0.118296  Q22c =  -0.318482  Q22s =   0.353872
|Q3| =   3.002691  Q31c =   1.273319  Q31s =  -2.196677  Q33c =  -1.562077
                   Q33s =  -0.359630
|Q4| =   2.924679  Q40  =   1.651456  Q42c =  -2.006625  Q42s =  -0.610831
                   Q44c =   0.556314  Q44s =  -1.057022

H          x =  4.307860  y =  2.619331  z = -0.000000 bohr
           Maximum rank =  4   Radius =  0.614 bohr
                   Q00  =   0.081007
|Q1| =   0.123134  Q11c =  -0.072594  Q11s =  -0.099460
|Q2| =   0.191500  Q20  =  -0.109636  Q22c =  -0.080341  Q22s =   0.134897
|Q3| =   0.178128  Q31c =  -0.057010  Q31s =  -0.089731  Q33c =  -0.139738
                   Q33s =   0.030020
|Q4| =   0.211539  Q40  =  -0.101398  Q42c =  -0.076728  Q42s =   0.106469
                   Q44c =   0.056864  Q44s =   0.118367

H          x =  3.861723  y = -0.274512  z =  1.705586 bohr
           Maximum rank =  4   Radius =  0.614 bohr
                   Q00  =   0.089767
|Q1| =   0.125915  Q10  =  -0.095813  Q11c =  -0.066010  Q11s =   0.048137
|Q2| =   0.169237  Q20  =   0.073482  Q21c =   0.058719  Q21s =  -0.139365
                   Q22c =  -0.011026  Q22s =  -0.015793
|Q3| =   0.162518  Q30  =  -0.002279  Q31c =   0.101416  Q31s =  -0.085789
                   Q32c =   0.000412  Q32s =  -0.085366  Q33c =  -0.002465
                   Q33s =  -0.038316
|Q4| =   0.210388  Q40  =   0.056633  Q41c =  -0.004611  Q41s =   0.133240
                   Q42c =   0.120534  Q42s =   0.044218  Q43c =   0.016306
                   Q43s =  -0.061692  Q44c =  -0.039864  Q44s =  -0.033721

H          x =  3.861723  y = -0.274512  z = -1.705586 bohr
           Maximum rank =  4   Radius =  0.614 bohr
                   Q00  =   0.089767
|Q1| =   0.125915  Q10  =   0.095813  Q11c =  -0.066010  Q11s =   0.048137
|Q2| =   0.169237  Q20  =   0.073482  Q21c =  -0.058719  Q21s =   0.139365
                   Q22c =  -0.011026  Q22s =  -0.015793
|Q3| =   0.162518  Q30  =   0.002279  Q31c =   0.101416  Q31s =  -0.085789
                   Q32c =  -0.000412  Q32s =   0.085366  Q33c =  -0.002465
                   Q33s =  -0.038316
|Q4| =   0.210388  Q40  =   0.056633  Q41c =   0.004611  Q41s =  -0.133240
                   Q42c =   0.120534  Q42s =   0.044218  Q43c =  -0.016306
                   Q43s =   0.061692  Q44c =  -0.039864  Q44s =  -0.033721

Total multipoles referred to origin at
           x =   0.000000,  y =    0.000000,  z =    0.000000 bohr
                   Q00  =  -0.000002
|Q1| =   0.951358  Q11c =   0.891943  Q11s =   0.330936
|Q2| =   1.876858  Q20  =   0.469016  Q22c =   1.807953  Q22s =   0.184196
|Q3| =  21.757416  Q31c =  -9.580947  Q31s = -15.047803  Q33c =  -3.220225
                   Q33s =  12.032638
|Q4| =  56.270846  Q40  = -25.432176  Q42c =  32.024588  Q42s =  -2.296491
                   Q44c = -15.840624  Q44s = -35.182937

CPU time used:      0m 6.594s          Total:      0m 6.594s

Finished at 11:8:49 on 24 Oct 2015  
