                                     G D M A

                                 by Anthony Stone

                         version 2.2.11, 04 February 2015

               Distributed Multipoles from Gaussian wavefunctions


Starting at 0:16:46 on 1 Nov 2015   

uracil mp2 aug-cc-pvtz

WARNING: string truncated


Using SCF density matrix from file uracil_mp2_augccpvtz.fchk


                         Distributed Multipole Analysis

Standard DMA for products of primitives with exponent greater than 4.00000
Using 80-point Euler-MacLaurin radial quadrature
Using 590-point Lebedev quadrature
Becke smoothing parameter = 3

Positions and radii in bohr
Multipole moments in atomic units, ea_0^k for rank k

N          x = -2.149748  y =  1.933925  z =  0.000000 bohr
           Maximum rank =  6   Radius =  1.228 bohr
                   Q00  =  -0.196093
|Q1| =   0.100025  Q11c =   0.032289  Q11s =  -0.094670
|Q2| =   1.327693  Q20  =  -1.324303  Q22c =   0.063162  Q22s =   0.070708
|Q3| =   1.481659  Q31c =   0.225444  Q31s =  -0.247735  Q33c =   0.103036
                   Q33s =   1.439617
|Q4| =   1.804230  Q40  =  -0.927307  Q42c =  -0.670554  Q42s =   0.877910
                   Q44c =  -0.855628  Q44s =  -0.665494
|Q5| =   3.803230  Q51c =   0.327033  Q51s =  -0.990568  Q53c =   0.103303
                   Q53s =   3.538361  Q55c =   0.812675  Q55s =  -0.430432
|Q6| =  14.384594  Q60  =   2.239372  Q62c =  -8.130013  Q62s =   7.599225
                   Q64c =  -4.506196  Q64s =  -3.176509  Q66c =   6.902432
                   Q66s =   0.129785

C          x =  0.099915  y =  3.217224  z =  0.000000 bohr
           Maximum rank =  6   Radius =  1.228 bohr
                   Q00  =   0.080667
|Q1| =   0.178495  Q11c =  -0.127486  Q11s =  -0.124931
|Q2| =   0.985657  Q20  =  -0.981616  Q22c =  -0.038199  Q22s =  -0.080565
|Q3| =   1.732234  Q31c =  -0.906508  Q31s =  -0.124198  Q33c =   0.212773
                   Q33s =  -1.455397
|Q4| =   1.714740  Q40  =  -0.656478  Q42c =   0.249149  Q42s =  -0.611376
                   Q44c =   1.433324  Q44s =  -0.138190
|Q5| =   8.333962  Q51c =  -6.142231  Q51s =   0.379057  Q53c =   1.750477
                   Q53s =  -5.181166  Q55c =   0.713683  Q55s =   1.079931
|Q6| =  16.528235  Q60  =   0.406121  Q62c =   4.641150  Q62s =  -6.839882
                   Q64c =  11.211185  Q64s =  -3.282258  Q66c =   7.552958
                   Q66s =   3.343994

C          x =  2.342837  y =  2.005961  z =  0.000000 bohr
           Maximum rank =  6   Radius =  1.228 bohr
                   Q00  =  -0.114392
|Q1| =   0.157709  Q11c =  -0.045593  Q11s =  -0.150974
|Q2| =   1.412923  Q20  =  -1.406119  Q22c =   0.093244  Q22s =  -0.102401
|Q3| =   1.765670  Q31c =   0.075847  Q31s =  -0.881537  Q33c =  -0.120405
                   Q33s =   1.523231
|Q4| =   3.276525  Q40  =  -2.481089  Q42c =   0.124663  Q42s =  -1.475123
                   Q44c =  -1.096571  Q44s =   1.088951
|Q5| =   7.607770  Q51c =   0.503553  Q51s =  -4.696312  Q53c =   0.279185
                   Q53s =   5.677188  Q55c =  -1.771839  Q55s =  -0.348471
|Q6| =  27.194267  Q60  = -12.703906  Q62c =  -0.237456  Q62s = -18.894992
                   Q64c = -10.472081  Q64s =   7.563215  Q66c =   7.327398
                   Q66s =  -0.710152

C          x =  2.406685  y = -0.737360  z = -0.000000 bohr
           Maximum rank =  6   Radius =  1.228 bohr
                   Q00  =   0.286038
|Q1| =   0.079328  Q11c =  -0.046765  Q11s =  -0.064078
|Q2| =   0.576238  Q20  =  -0.548182  Q22c =   0.071257  Q22s =  -0.162692
|Q3| =   1.051602  Q31c =   0.052854  Q31s =  -0.264725  Q33c =  -0.127501
                   Q33s =  -1.008334
|Q4| =   0.498310  Q40  =   0.184142  Q42c =   0.330712  Q42s =   0.069739
                   Q44c =   0.084960  Q44s =  -0.304881
|Q5| =   3.651629  Q51c =   0.769078  Q51s =  -2.805521  Q53c =  -0.300324
                   Q53s =  -2.048730  Q55c =   0.699049  Q55s =   0.309521
|Q6| =   8.618834  Q60  =   4.180456  Q62c =   5.150494  Q62s =   1.649451
                   Q64c =   2.521616  Q64s =  -0.251440  Q66c =   4.572837
                   Q66s =  -0.476645

N          x =  0.000000  y = -1.850414  z = -0.000000 bohr
           Maximum rank =  6   Radius =  1.228 bohr
                   Q00  =  -0.192020
|Q1| =   0.024133  Q11c =  -0.015887  Q11s =   0.018166
|Q2| =   1.354943  Q20  =  -1.341647  Q22c =   0.186299  Q22s =  -0.033868
|Q3| =   1.307740  Q31c =   0.004316  Q31s =   0.195293  Q33c =   0.098099
                   Q33s =   1.289341
|Q4| =   2.138121  Q40  =  -1.172536  Q42c =   1.500012  Q42s =  -0.211096
                   Q44c =   0.949578  Q44s =   0.020616
|Q5| =   3.815998  Q51c =  -0.135675  Q51s =   0.226901  Q53c =   0.449829
                   Q53s =   3.491616  Q55c =  -0.261513  Q55s =  -1.424721
|Q6| =  14.735722  Q60  =  -1.795448  Q62c =  13.332352  Q62s =  -2.466715
                   Q64c =   3.334083  Q64s =   0.856959  Q66c =   4.201843
                   Q66s =  -0.758691

C          x = -2.326569  y = -0.676768  z =  0.000000 bohr
           Maximum rank =  6   Radius =  1.228 bohr
                   Q00  =   0.350768
|Q1| =   0.052217  Q11c =   0.046370  Q11s =   0.024009
|Q2| =   0.514996  Q20  =  -0.486230  Q22c =   0.089812  Q22s =   0.143996
|Q3| =   0.922121  Q31c =  -0.018664  Q31s =  -0.015906  Q33c =  -0.038557
                   Q33s =  -0.920988
|Q4| =   0.736075  Q40  =   0.606802  Q42c =   0.048494  Q42s =   0.156947
                   Q44c =  -0.189928  Q44s =   0.332477
|Q5| =   1.926532  Q51c =  -0.625412  Q51s =  -0.189961  Q53c =  -0.178466
                   Q53s =  -1.761869  Q55c =  -0.302484  Q55s =   0.238269
|Q6| =   7.413856  Q60  =   6.134455  Q62c =  -0.642564  Q62s =  -0.325633
                   Q64c =   0.212779  Q64s =  -0.251514  Q66c =   4.082017
                   Q66s =  -0.208348

H          x = -0.048761  y =  5.253585  z =  0.000000 bohr
           Maximum rank =  6   Radius =  0.614 bohr
                   Q00  =   0.118980
|Q1| =   0.101396  Q11c =   0.006052  Q11s =  -0.101216
|Q2| =   0.174989  Q20  =  -0.138781  Q22c =  -0.105685  Q22s =  -0.013849
|Q3| =   0.201339  Q31c =  -0.024603  Q31s =  -0.149425  Q33c =   0.012438
                   Q33s =  -0.132097
|Q4| =   0.180200  Q40  =  -0.113651  Q42c =  -0.076808  Q42s =  -0.095594
                   Q44c =   0.063745  Q44s =  -0.021317
|Q5| =   0.918687  Q51c =  -0.074946  Q51s =  -0.668552  Q53c =   0.191354
                   Q53s =  -0.565227  Q55c =   0.088358  Q55s =  -0.165837
|Q6| =   2.072179  Q60  =   0.564356  Q62c =   1.004809  Q62s =  -0.781602
                   Q64c =   1.421165  Q64s =   0.032194  Q66c =   0.576645
                   Q66s =   0.040264

H          x =  4.104606  y =  3.025196  z =  0.000000 bohr
           Maximum rank =  6   Radius =  0.614 bohr
                   Q00  =   0.114610
|Q1| =   0.111005  Q11c =  -0.081975  Q11s =  -0.074848
|Q2| =   0.196283  Q20  =  -0.168115  Q22c =   0.063681  Q22s =   0.078799
|Q3| =   0.233393  Q31c =  -0.138004  Q31s =  -0.136284  Q33c =  -0.026020
                   Q33s =   0.127188
|Q4| =   0.249008  Q40  =  -0.175489  Q42c =   0.129221  Q42s =  -0.006480
                   Q44c =  -0.118497  Q44s =   0.020663
|Q5| =   1.138280  Q51c =  -0.764430  Q51s =  -0.600986  Q53c =   0.050082
                   Q53s =   0.571604  Q55c =   0.017386  Q55s =  -0.143537
|Q6| =   2.591949  Q60  =   0.755225  Q62c =   0.169529  Q62s =  -1.861536
                   Q64c =  -1.297713  Q64s =   0.886541  Q66c =   0.418667
                   Q66s =   0.092093

O          x =  4.300321  y = -2.054850  z = -0.000000 bohr
           Maximum rank =  6   Radius =  1.228 bohr
                   Q00  =  -0.453667
|Q1| =   0.443427  Q11c =  -0.363941  Q11s =   0.253327
|Q2| =   1.027649  Q20  =  -0.318510  Q22c =   0.375797  Q22s =  -0.901882
|Q3| =   0.380753  Q31c =   0.297229  Q31s =  -0.208078  Q33c =   0.024410
                   Q33s =  -0.112852
|Q4| =   1.362542  Q40  =  -0.396007  Q42c =   0.260745  Q42s =  -0.505628
                   Q44c =   0.684068  Q44s =   0.952945
|Q5| =   1.680688  Q51c =   0.644908  Q51s =  -0.714918  Q53c =   0.218933
                   Q53s =   0.966099  Q55c =  -0.349683  Q55s =   0.891145
|Q6| =   7.148886  Q60  =  -0.909397  Q62c =   1.281071  Q62s =  -0.929381
                   Q64c =   2.909490  Q64s =   4.031701  Q66c =  -4.761519
                   Q66s =   0.618764

H          x = -0.044159  y = -3.762162  z = -0.000000 bohr
           Maximum rank =  6   Radius =  0.614 bohr
                   Q00  =   0.245084
|Q1| =   0.049325  Q11c =   0.003002  Q11s =   0.049233
|Q2| =   0.149922  Q20  =  -0.136069  Q22c =  -0.062907  Q22s =   0.002113
|Q3| =   0.120133  Q31c =   0.004810  Q31s =   0.100354  Q33c =   0.006511
                   Q33s =   0.065540
|Q4| =   0.163934  Q40  =  -0.144123  Q42c =  -0.011916  Q42s =  -0.004785
                   Q44c =   0.076194  Q44s =  -0.011512
|Q5| =   0.497068  Q51c =   0.016475  Q51s =   0.458067  Q53c =   0.004526
                   Q53s =   0.147625  Q55c =  -0.015728  Q55s =  -0.122143
|Q6| =   0.806206  Q60  =   0.071439  Q62c =   0.646105  Q62s =  -0.067435
                   Q64c =   0.387807  Q64s =  -0.021233  Q66c =  -0.268250
                   Q66s =  -0.007879

O          x = -4.336101  y = -1.796659  z = -0.000000 bohr
           Maximum rank =  6   Radius =  1.228 bohr
                   Q00  =  -0.466801
|Q1| =   0.448118  Q11c =   0.396158  Q11s =   0.209449
|Q2| =   1.040176  Q20  =  -0.362882  Q22c =   0.511611  Q22s =   0.829781
|Q3| =   0.308701  Q31c =  -0.243309  Q31s =  -0.154293  Q33c =  -0.023392
                   Q33s =  -0.108368
|Q4| =   1.260937  Q40  =  -0.329896  Q42c =   0.355513  Q42s =   0.524673
                   Q44c =   0.487513  Q44s =  -0.917491
|Q5| =   1.040025  Q51c =  -0.531829  Q51s =  -0.214380  Q53c =  -0.140951
                   Q53s =   0.851751  Q55c =  -0.063461  Q55s =   0.058960
|Q6| =   5.243545  Q60  =  -1.213846  Q62c =   0.481686  Q62s =   0.667643
                   Q64c =   1.775265  Q64s =  -4.116532  Q66c =  -2.287746
                   Q66s =  -0.111329

H          x = -3.814429  y =  2.856535  z =  0.000000 bohr
           Maximum rank =  6   Radius =  0.614 bohr
                   Q00  =   0.226827
|Q1| =   0.055407  Q11c =   0.033474  Q11s =  -0.044153
|Q2| =   0.168040  Q20  =  -0.145362  Q22c =   0.048622  Q22s =  -0.068873
|Q3| =   0.149109  Q31c =   0.091723  Q31s =  -0.073889  Q33c =   0.030194
                   Q33s =   0.086308
|Q4| =   0.184021  Q40  =  -0.155071  Q42c =   0.044638  Q42s =  -0.011391
                   Q44c =  -0.087710  Q44s =  -0.001191
|Q5| =   0.612408  Q51c =   0.458551  Q51s =  -0.309558  Q53c =   0.024966
                   Q53s =   0.245090  Q55c =  -0.027097  Q55s =  -0.086728
|Q6| =   1.038274  Q60  =   0.159164  Q62c =  -0.192273  Q62s =   0.742734
                   Q64c =  -0.551475  Q64s =  -0.282209  Q66c =   0.189891
                   Q66s =  -0.210314

Total multipoles referred to origin at
           x =   0.000000,  y =    0.000000,  z =    0.000000 bohr
                   Q00  =   0.000002
|Q1| =   1.981935  Q11c =  -0.468607  Q11s =   1.925740
|Q2| =  14.617334  Q20  =   1.846902  Q22c = -14.328216  Q22s =  -2.226575
|Q3| = 115.286294  Q31c =   5.536400  Q31s = -51.425200  Q33c =  16.246128
                   Q33s = 101.743747
|Q4| = 283.161880  Q40  =   7.788243  Q42c = 278.040192  Q42s =   3.753474
                   Q44c =  52.889272  Q44s =  -1.510357
|Q5| =  2.736E+03  Q51c = -1.151E+02  Q51s =  1.284E+03  Q53c = -7.752E+01
                   Q53s = -1.748E+03  Q55c =  3.060E+02  Q55s =  1.634E+03
|Q6| =  7.283E+03  Q60  = -1.509E+03  Q62c = -5.088E+03  Q62s =  3.473E+02
                   Q64c =  1.000E+03  Q64s =  2.344E+02  Q66c = -4.860E+03
                   Q66s =  2.783E+02

CPU time used:      5m 3.350s          Total:      5m 3.350s

Finished at 0:21:50 on 1 Nov 2015   
