                                     G D M A

                                 by Anthony Stone

                         version 2.2.11, 04 February 2015

               Distributed Multipoles from Gaussian wavefunctions


Starting at 11:45:18 on 4 Nov 2015  

water mp2 aug-cc-pvtz

WARNING: string truncated


Using SCF density matrix from file water_mp2_augccpvtz.fchk


                         Distributed Multipole Analysis

Standard DMA for products of primitives with exponent greater than 4.00000
Using 80-point Euler-MacLaurin radial quadrature
Using 590-point Lebedev quadrature
Becke smoothing parameter = 3

Positions and radii in bohr
Multipole moments in atomic units, ea_0^k for rank k

O          x =  0.000000  y =  0.223386  z =  0.000000 bohr
           Maximum rank =  6   Radius =  1.228 bohr
                   Q00  =  -0.405079
|Q1| =   0.398998  Q11c =   0.000034  Q11s =  -0.398998
|Q2| =   1.172262  Q20  =  -1.068913  Q22c =   0.481273  Q22s =  -0.000009
|Q3| =   1.119294  Q31c =   0.000001  Q31s =   0.507162  Q33c =   0.000051
                   Q33s =  -0.997800
|Q4| =   0.987839  Q40  =  -0.309682  Q42c =   0.282991  Q42s =  -0.000057
                   Q44c =  -0.894337  Q44s =  -0.000018
|Q5| =   3.624316  Q51c =  -0.000071  Q51s =   1.961955  Q53c =   0.000120
                   Q53s =  -2.906550  Q55c =   0.000047  Q55s =   0.915622
|Q6| =   7.681707  Q60  =   2.870954  Q62c =  -0.128801  Q62s =  -0.000206
                   Q64c =  -5.038703  Q64s =  -0.000242  Q66c =   5.035982
                   Q66s =   0.000517

H          x =  1.432627  y = -0.893502  z =  0.000000 bohr
           Maximum rank =  6   Radius =  0.614 bohr
                   Q00  =   0.202531
|Q1| =   0.036111  Q11c =  -0.012751  Q11s =   0.033785
|Q2| =   0.210906  Q20  =  -0.138331  Q22c =   0.070640  Q22s =  -0.142674
|Q3| =   0.105138  Q31c =  -0.054378  Q31s =   0.042393  Q33c =  -0.030635
                   Q33s =  -0.073221
|Q4| =   0.329513  Q40  =  -0.169258  Q42c =   0.107097  Q42s =  -0.194290
                   Q44c =   0.067128  Q44s =   0.161882
|Q5| =   0.629839  Q51c =  -0.291379  Q51s =   0.204246  Q53c =  -0.101637
                   Q53s =  -0.369184  Q55c =   0.331422  Q55s =   0.116670
|Q6| =   0.842479  Q60  =  -0.359512  Q62c =   0.337384  Q62s =  -0.391124
                   Q64c =  -0.026617  Q64s =   0.443042  Q66c =  -0.158076
                   Q66s =  -0.302877

H          x = -1.432627  y = -0.893586  z = -0.000000 bohr
           Maximum rank =  6   Radius =  0.614 bohr
                   Q00  =   0.202548
|Q1| =   0.036107  Q11c =   0.012747  Q11s =   0.033783
|Q2| =   0.210900  Q20  =  -0.138327  Q22c =   0.070628  Q22s =   0.142675
|Q3| =   0.105127  Q31c =   0.054370  Q31s =   0.042390  Q33c =   0.030642
                   Q33s =  -0.073210
|Q4| =   0.329512  Q40  =  -0.169257  Q42c =   0.107084  Q42s =   0.194297
                   Q44c =   0.067152  Q44s =  -0.161872
|Q5| =   0.629795  Q51c =   0.291348  Q51s =   0.204242  Q53c =   0.101676
                   Q53s =  -0.369146  Q55c =  -0.331423  Q55s =   0.116596
|Q6| =   0.842539  Q60  =  -0.359535  Q62c =   0.337372  Q62s =   0.391180
                   Q64c =  -0.026526  Q64s =  -0.443082  Q66c =  -0.158187
                   Q66s =   0.302847

Total multipoles referred to origin at
           x =   0.000000,  y =    0.000000,  z =    0.000000 bohr
                   Q00  =  -0.000000
|Q1| =   0.783875  Q11c =   0.000005  Q11s =  -0.783875
|Q2| =   2.146910  Q20  =  -1.726837  Q22c =   1.275640  Q22s =   0.000096
|Q3| =   3.691968  Q31c =   0.000063  Q31s =   1.335643  Q33c =   0.000226
                   Q33s =  -3.441902
|Q4| =   6.158772  Q40  =   3.746060  Q42c =  -2.476426  Q42s =  -0.000349
                   Q44c =  -4.214834  Q44s =  -0.000051
|Q5| =  11.037016  Q51c =  -0.000341  Q51s =  -4.423741  Q53c =  -0.000610
                   Q53s =   9.146947  Q55c =   0.001149  Q55s =  -4.310407
|Q6| =  25.028053  Q60  =  -9.671507  Q62c =   6.397204  Q62s =   0.001158
                   Q64c =   9.055594  Q64s =  -0.000146  Q66c = -20.246910
                   Q66s =  -0.002759

CPU time used:      0m 5.150s          Total:      0m 5.150s

Finished at 11:45:23 on 4 Nov 2015  
