                                     G D M A

                                 by Anthony Stone

                         version 2.2.11, 04 February 2015

               Distributed Multipoles from Gaussian wavefunctions


Starting at 10:7:19 on 20 Jan 2016  



WARNING: string truncated


Using SCF density matrix from file cis-mesno_pbe_def2svp.fchk


                         Distributed Multipole Analysis

Standard DMA for products of primitives with exponent greater than 4.00000
Using 80-point Euler-MacLaurin radial quadrature
Using 590-point Lebedev quadrature
Becke smoothing parameter = 3

Positions and radii in bohr
Multipole moments in atomic units, ea_0^k for rank k

O          x = -1.488852  y = -2.784187  z =  0.000000 bohr
           Maximum rank =  5   Radius =  1.228 bohr
                   Q00  =  -0.264535
|Q1| =   0.410320  Q11c =  -0.248888  Q11s =   0.326216
|Q2| =   0.901530  Q20  =  -0.009056  Q22c =  -0.784092  Q22s =  -0.444832
|Q3| =   0.683825  Q31c =  -0.021969  Q31s =  -0.518436  Q33c =  -0.408609
                   Q33s =  -0.177192
|Q4| =   1.591178  Q40  =   0.891136  Q42c =  -0.560833  Q42s =  -0.647950
                   Q44c =  -0.950737  Q44s =   0.315358
|Q5| =   4.092695  Q51c =   2.347560  Q51s =  -0.205691  Q53c =  -1.295035
                   Q53s =  -2.700029  Q55c =  -1.343588  Q55s =   0.651385

N          x = -2.264055  y = -0.679742  z =  0.000000 bohr
           Maximum rank =  5   Radius =  1.228 bohr
                   Q00  =  -0.274144
|Q1| =   0.746387  Q11c =   0.183665  Q11s =  -0.723437
|Q2| =   0.489487  Q20  =  -0.116054  Q22c =  -0.401210  Q22s =  -0.255264
|Q3| =   1.377832  Q31c =  -1.112241  Q31s =  -0.766237  Q33c =  -0.058984
                   Q33s =   0.265974
|Q4| =   4.274277  Q40  =   2.191372  Q42c =   0.775645  Q42s =  -2.805350
                   Q44c =  -2.230847  Q44s =   0.137998
|Q5| =   6.498311  Q51c =  -0.771833  Q51s =   1.445037  Q53c =   3.584094
                   Q53s =   0.852141  Q55c =   0.813445  Q55s =  -5.030967

S          x = -0.000000  y =  1.751445  z =  0.000000 bohr
           Maximum rank =  5   Radius =  1.228 bohr
                   Q00  =   0.608783
|Q1| =   1.172902  Q11c =   0.158030  Q11s =  -1.162208
|Q2| =   2.773221  Q20  =  -2.646792  Q22c =   0.782895  Q22s =  -0.268938
|Q3| =   3.335027  Q31c =  -3.140085  Q31s =   0.001831  Q33c =  -1.069315
                   Q33s =   0.344720
|Q4| =  22.947513  Q40  =   2.278593  Q42c = -16.666265  Q42s =  -4.608243
                   Q44c =   4.576607  Q44s =  14.193334
|Q5| = 187.791945  Q51c =  34.536533  Q51s =  64.558054  Q53c =-132.677008
                   Q53s = -17.539225  Q55c =  74.941575  Q55s =  79.863932

C          x =  2.883642  y =  0.002567  z =  0.000000 bohr
           Maximum rank =  0   Radius =  1.228 bohr
                   Q00  =  -0.375451

H          x =  4.441804  y =  1.383323  z =  0.000000 bohr
           Maximum rank =  0   Radius =  0.614 bohr
                   Q00  =   0.091529

H          x =  3.007773  y = -1.195081  z =  1.700500 bohr
           Maximum rank =  0   Radius =  0.614 bohr
                   Q00  =   0.106909

H          x =  3.007773  y = -1.195081  z = -1.700500 bohr
           Maximum rank =  0   Radius =  0.614 bohr
                   Q00  =   0.106909

Total multipoles referred to origin at
           x =   0.000000,  y =    0.000000,  z =    0.000000 bohr
                   Q00  =   0.000000
|Q1| =   1.115387  Q11c =   1.074340  Q11s =   0.299803
|Q2| =   2.654188  Q20  =   0.945075  Q22c =   2.428910  Q22s =  -0.501940
|Q3| =  18.508997  Q31c =  -9.880181  Q31s = -14.270945  Q33c =  -0.328892
                   Q33s =   6.418486
|Q4| =  66.031991  Q40  = -13.139051  Q42c =  -1.801004  Q42s = -15.398970
                   Q44c = -44.511195  Q44s =  44.339270
|Q5| = 374.613532  Q51c = 164.407327  Q51s = 214.660191  Q53c = -29.971572
                   Q53s =-248.328843  Q55c =  53.255204  Q55s =  42.718917

CPU time used:      0m 7.020s          Total:      0m 7.020s

Finished at 10:7:26 on 20 Jan 2016  
